# JRE version: Java(TM) SE Runtime Environment (25.0+37) (build 25+37-LTS-3491)
# Java VM: Java HotSpot(TM) 64-Bit Server VM (25+37-LTS-3491, mixed mode, sharing, tiered, compressed oops, compressed class ptrs, g1 gc, windows-amd64)
GC Precious Log:
 CardTable entry size: 512
 Card Set container configuration: InlinePtr #cards 4 size 8 Array Of Cards #cards 16 size 48 Howl #buckets 8 coarsen threshold 3686 Howl Bitmap #cards 512 size 80 coarsen threshold 460 Card regions per heap region 1 cards per card region 4096
 CPUs: 8 total, 8 available
 Memory: 16118M
 Large Page Support: Disabled
 NUMA Support: Disabled
 Compressed Oops: Enabled (Zero based)
 Heap Region Size: 2M
 Heap Min Capacity: 8M
 Heap Initial Capacity: 252M
 Heap Max Capacity: 4030M
 Pre-touch: Disabled
 Parallel Workers: 8
 Concurrent Workers: 2
 Concurrent Refinement Workers: 8
 Periodic GC: Disabled
Heap:
 garbage-first heap   total reserved 4126720K, committed 829440K, used 281425K [0x0000000704200000, 0x0000000800000000)
  region size 2048K, 2 young (4096K), 2 survivors (4096K)
GC Heap Usage History (20 events):
Event: 5.302 {heap After GC invocations=13 (full 0):
 garbage-first heap   total reserved 4126720K, committed 96256K, used 37606K [0x0000000704200000, 0x0000000800000000)
  region size 2048K, 2 young (4096K), 2 survivors (4096K)
}
Event: 5.340 {heap Before GC invocations=13 (full 0):
 garbage-first heap   total reserved 4126720K, committed 96256K, used 82662K [0x0000000704200000, 0x0000000800000000)
  region size 2048K, 24 young (49152K), 2 survivors (4096K)
}
Event: 5.365 {heap After GC invocations=14 (full 0):
 garbage-first heap   total reserved 4126720K, committed 96256K, used 37953K [0x0000000704200000, 0x0000000800000000)
  region size 2048K, 2 young (4096K), 2 survivors (4096K)
}
Event: 5.408 {heap Before GC invocations=14 (full 0):
 garbage-first heap   total reserved 4126720K, committed 96256K, used 91201K [0x0000000704200000, 0x0000000800000000)
  region size 2048K, 25 young (51200K), 2 survivors (4096K)
}
Event: 5.441 {heap After GC invocations=15 (full 0):
 garbage-first heap   total reserved 4126720K, committed 251904K, used 44137K [0x0000000704200000, 0x0000000800000000)
  region size 2048K, 2 young (4096K), 2 survivors (4096K)
}
Event: 5.581 {heap Before GC invocations=15 (full 0):
 garbage-first heap   total reserved 4126720K, committed 251904K, used 197737K [0x0000000704200000, 0x0000000800000000)
  region size 2048K, 73 young (149504K), 2 survivors (4096K)
}
Event: 5.609 {heap After GC invocations=16 (full 0):
 garbage-first heap   total reserved 4126720K, committed 251904K, used 52132K [0x0000000704200000, 0x0000000800000000)
  region size 2048K, 2 young (4096K), 2 survivors (4096K)
}
Event: 5.714 {heap Before GC invocations=16 (full 0):
 garbage-first heap   total reserved 4126720K, committed 251904K, used 209828K [0x0000000704200000, 0x0000000800000000)
  region size 2048K, 73 young (149504K), 2 survivors (4096K)
}
Event: 5.755 {heap After GC invocations=17 (full 0):
 garbage-first heap   total reserved 4126720K, committed 251904K, used 64347K [0x0000000704200000, 0x0000000800000000)
  region size 2048K, 2 young (4096K), 2 survivors (4096K)
}
Event: 5.873 {heap Before GC invocations=17 (full 0):
 garbage-first heap   total reserved 4126720K, committed 251904K, used 226139K [0x0000000704200000, 0x0000000800000000)
  region size 2048K, 73 young (149504K), 2 survivors (4096K)
}
Event: 5.933 {heap After GC invocations=18 (full 0):
 garbage-first heap   total reserved 4126720K, committed 251904K, used 80760K [0x0000000704200000, 0x0000000800000000)
  region size 2048K, 2 young (4096K), 2 survivors (4096K)
}
Event: 6.093 {heap Before GC invocations=18 (full 0):
 garbage-first heap   total reserved 4126720K, committed 276480K, used 256888K [0x0000000704200000, 0x0000000800000000)
  region size 2048K, 76 young (155648K), 2 survivors (4096K)
}
Event: 6.173 {heap After GC invocations=19 (full 0):
 garbage-first heap   total reserved 4126720K, committed 829440K, used 105343K [0x0000000704200000, 0x0000000800000000)
  region size 2048K, 2 young (4096K), 2 survivors (4096K)
}
Event: 6.644 {heap Before GC invocations=19 (full 0):
 garbage-first heap   total reserved 4126720K, committed 829440K, used 635775K [0x0000000704200000, 0x0000000800000000)
  region size 2048K, 243 young (497664K), 2 survivors (4096K)
}
Event: 6.760 {heap After GC invocations=20 (full 0):
 garbage-first heap   total reserved 4126720K, committed 829440K, used 142293K [0x0000000704200000, 0x0000000800000000)
  region size 2048K, 2 young (4096K), 2 survivors (4096K)
}
Event: 7.139 {heap Before GC invocations=20 (full 0):
 garbage-first heap   total reserved 4126720K, committed 829440K, used 691157K [0x0000000704200000, 0x0000000800000000)
  region size 2048K, 243 young (497664K), 2 survivors (4096K)
}
Event: 7.313 {heap After GC invocations=21 (full 0):
 garbage-first heap   total reserved 4126720K, committed 829440K, used 197463K [0x0000000704200000, 0x0000000800000000)
  region size 2048K, 2 young (4096K), 2 survivors (4096K)
}
Event: 7.978 {heap Before GC invocations=21 (full 0):
 garbage-first heap   total reserved 4126720K, committed 829440K, used 691031K [0x0000000704200000, 0x0000000800000000)
  region size 2048K, 243 young (497664K), 2 survivors (4096K)
}
Event: 8.157 {heap After GC invocations=22 (full 0):
 garbage-first heap   total reserved 4126720K, committed 829440K, used 197561K [0x0000000704200000, 0x0000000800000000)
  region size 2048K, 2 young (4096K), 2 survivors (4096K)
}
Event: 8.494 {heap Before GC invocations=22 (full 0):
 garbage-first heap   total reserved 4126720K, committed 829440K, used 633785K [0x0000000704200000, 0x0000000800000000)
  region size 2048K, 174 young (356352K), 2 survivors (4096K)
}

